[20:52:59] [ServerMain/INFO]: Environment: authHost='https://authserver.mojang.com', accountsHost='https://api.mojang.com', sessionHost='https://sessionserver.mojang.com', servicesHost='https://api.minecraftservices.com', name='PROD'
[20:53:01] [ServerMain/ERROR]: Parsing error loading recipe minecraft:tuff
com.google.gson.JsonSyntaxException: Pattern references symbol 'S' but it's not defined in the key
	at cjh.a(SourceFile:150) ~[server-1.20.jar:?]
	at cjh$a.b(SourceFile:291) ~[server-1.20.jar:?]
	at cjh$a.a(SourceFile:279) ~[server-1.20.jar:?]
	at cjd.a(SourceFile:135) ~[server-1.20.jar:?]
	at cjd.a(SourceFile:56) ~[server-1.20.jar:?]
	at cjd.a(SourceFile:35) ~[server-1.20.jar:?]
	at alc.a(SourceFile:13) ~[server-1.20.jar:?]
	at java.util.concurrent.CompletableFuture$UniAccept.tryFire(CompletableFuture.java:718) ~[?:?]
	at java.util.concurrent.CompletableFuture$Completion.run(CompletableFuture.java:482) ~[?:?]
	at ald.a(SourceFile:69) ~[server-1.20.jar:?]
	at ac.a(SourceFile:950) ~[server-1.20.jar:?]
	at ac.c(SourceFile:938) ~[server-1.20.jar:?]
	at net.minecraft.server.Main.main(SourceFile:160) ~[server-1.20.jar:?]
	at net.minecraft.bundler.Main.lambda$run$0(Main.java:54) ~[?:?]
	at java.lang.Thread.run(Thread.java:1583) ~[?:?]
[20:53:01] [ServerMain/INFO]: Loaded 7 recipes
[20:53:01] [ServerMain/INFO]: Loaded 1548 advancements
[20:53:02] [Server thread/INFO]: Starting minecraft server version 1.20
[20:53:02] [Server thread/INFO]: Loading properties
[20:53:02] [Server thread/INFO]: Default game type: SURVIVAL
[20:53:02] [Server thread/INFO]: Generating keypair
[20:53:02] [Server thread/INFO]: Starting Minecraft server on *:25565
[20:53:02] [Server thread/INFO]: Using epoll channel type
[20:53:02] [Server thread/WARN]: **** SERVER IS RUNNING IN OFFLINE/INSECURE MODE!
[20:53:02] [Server thread/WARN]: The server will make no attempt to authenticate usernames. Beware.
[20:53:02] [Server thread/WARN]: While this makes the game possible to play without internet access, it also opens up the ability for hackers to connect with any username they choose.
[20:53:02] [Server thread/WARN]: To change this, set "online-mode" to "true" in the server.properties file.
[20:53:02] [Server thread/INFO]: Preparing level "world"
[20:53:02] [Server thread/INFO]: Preparing start region for dimension minecraft:overworld
[20:53:03] [Worker-Main-2/INFO]: Preparing spawn area: 0%
[20:53:03] [Worker-Main-3/INFO]: Preparing spawn area: 0%
[20:53:03] [Worker-Main-3/INFO]: Preparing spawn area: 0%
[20:53:04] [Worker-Main-3/INFO]: Preparing spawn area: 0%
[20:53:04] [Worker-Main-1/INFO]: Preparing spawn area: 27%
[20:53:05] [Server thread/INFO]: Time elapsed: 2243 ms
[20:53:05] [Server thread/INFO]: Done (2.368s)! For help, type "help"
[20:53:05] [Server thread/INFO]: panchitkbroto[/100.75.127.87:55287] logged in with entity id 147 at (-0.6743641256490936, 71.0, -0.30000001192092896)
[20:53:05] [Server thread/INFO]: panchitkbroto joined the game
[20:53:19] [Server thread/INFO]: CevIOB[/100.75.127.87:55315] logged in with entity id 159 at (53.61831025368876, 80.0, 2.4034081409120645)
[20:53:19] [Server thread/INFO]: CevIOB joined the game
[20:53:21] [Server thread/INFO]: biviri[/100.106.95.104:56746] logged in with entity id 161 at (-7.711271264004831, 72.5, -33.60351921995812)
[20:53:21] [Server thread/INFO]: biviri joined the game
[20:53:27] [Server thread/INFO]: [CevIOB: Set own game mode to Survival Mode]
[20:57:18] [Server thread/INFO]: panchitkbroto lost connection: Disconnected
[20:57:18] [Server thread/INFO]: panchitkbroto left the game
[21:01:05] [Server thread/INFO]: [Not Secure] <CevIOB> as
[21:02:04] [Server thread/INFO]: biviri was fireballed by Ghast
[21:03:59] [Server thread/INFO]: [CevIOB: Set own game mode to Creative Mode]
[21:04:24] [Server thread/INFO]: [CevIOB: Set own game mode to Survival Mode]
[21:09:38] [Server thread/INFO]: [CevIOB: Set the time to 13000]
[21:16:58] [Server thread/INFO]: [CevIOB: Set own game mode to Spectator Mode]
[21:17:01] [Server thread/INFO]: [CevIOB: Set own game mode to Survival Mode]
[21:17:02] [Server thread/INFO]: [CevIOB: Set own game mode to Spectator Mode]
[21:17:09] [Server thread/INFO]: [CevIOB: Set own game mode to Creative Mode]
[21:19:09] [Server thread/INFO]: [CevIOB: Set own game mode to Spectator Mode]
[21:19:11] [Server thread/INFO]: [CevIOB: Set own game mode to Creative Mode]
[21:19:15] [Server thread/INFO]: [CevIOB: Set own game mode to Survival Mode]
[21:19:16] [Server thread/INFO]: [CevIOB: Set own game mode to Creative Mode]
[21:19:25] [Server thread/INFO]: [CevIOB: Set own game mode to Survival Mode]
[21:23:28] [Server thread/INFO]: [CevIOB: Set own game mode to Creative Mode]
[21:23:37] [Server thread/INFO]: [CevIOB: Set own game mode to Survival Mode]
[21:24:17] [Server thread/INFO]: Stopping the server
[21:24:17] [Server thread/INFO]: Stopping server
[21:24:17] [Server thread/INFO]: Saving players
[21:24:17] [Server thread/INFO]: CevIOB lost connection: Disconnected
[21:24:17] [Server thread/INFO]: CevIOB left the game
[21:24:17] [Server thread/INFO]: Saving worlds
[21:24:17] [Server thread/INFO]: Saving chunks for level 'ServerLevel[SKYBLOCK 1.20]'/minecraft:overworld
[21:24:27] [Server thread/INFO]: Saving chunks for level 'ServerLevel[SKYBLOCK 1.20]'/minecraft:the_end
[21:24:27] [Server thread/INFO]: Saving chunks for level 'ServerLevel[SKYBLOCK 1.20]'/minecraft:the_nether
[21:24:27] [Server thread/INFO]: ThreadedAnvilChunkStorage (world): All chunks are saved
[21:24:27] [Server thread/INFO]: ThreadedAnvilChunkStorage (DIM1): All chunks are saved
[21:24:27] [Server thread/INFO]: ThreadedAnvilChunkStorage (DIM-1): All chunks are saved
[21:24:27] [Server thread/INFO]: ThreadedAnvilChunkStorage: All dimensions are saved
